[0m13:32:23.158235 [debug] [MainThread]: Sending event: {'category': 'dbt', 'action': 'invocation', 'label': 'start', 'context': [<snowplow_tracker.self_describing_json.SelfDescribingJson object at 0x7ff307953e80>, <snowplow_tracker.self_describing_json.SelfDescribingJson object at 0x7ff306567dc0>, <snowplow_tracker.self_describing_json.SelfDescribingJson object at 0x7ff306567e50>]}


============================== 13:32:23.176196 | efd366e0-2476-4c93-ba59-2fbbb1dd83d9 ==============================
[0m13:32:23.176196 [info ] [MainThread]: Running with dbt=1.11.9
[0m13:32:23.177853 [debug] [MainThread]: running dbt with arguments {'write_json': 'True', 'empty': 'None', 'printer_width': '80', 'invocation_command': 'dbt init transforms', 'use_experimental_parser': 'False', 'introspect': 'True', 'quiet': 'False', 'target_path': 'None', 'partial_parse': 'True', 'cache_selected_only': 'False', 'profiles_dir': '/home/anayv/.dbt', 'static_parser': 'True', 'indirect_selection': 'eager', 'log_format': 'default', 'send_anonymous_usage_stats': 'True', 'use_colors': 'True', 'debug': 'False', 'no_print': 'None', 'fail_fast': 'False', 'warn_error_options': 'WarnErrorOptionsV2(error=[], warn=[], silence=[])', 'version_check': 'True', 'log_path': 'logs', 'warn_error': 'None', 'log_cache_events': 'False'}
[0m13:32:23.187565 [info ] [MainThread]: Creating dbt configuration folder at /home/anayv/.dbt
[0m13:32:23.189922 [debug] [MainThread]: Starter project path: /home/anayv/market-pulse/venv/lib/python3.10/site-packages/dbt/include/starter_project
[0m13:32:23.194406 [info ] [MainThread]: 
Your new dbt project "transforms" was created!

For more information on how to configure the profiles.yml file,
please consult the dbt documentation here:

  https://docs.getdbt.com/docs/configure-your-profile

One more thing:

Need help? Don't hesitate to reach out to us via GitHub issues or on Slack:

  https://community.getdbt.com/

Happy modeling!

[0m13:32:23.195103 [info ] [MainThread]: Setting up your profile.
[0m13:32:31.803910 [info ] [MainThread]: Profile transforms written to /home/anayv/.dbt/profiles.yml using target's sample configuration. Once updated, you'll be able to start developing with dbt.
[0m13:32:31.821005 [debug] [MainThread]: Resource report: {"command_name": "init", "command_success": true, "command_wall_clock_time": 8.730507, "process_in_blocks": "72", "process_kernel_time": 0.070353, "process_mem_max_rss": "136928", "process_out_blocks": "72", "process_user_time": 1.35682}
[0m13:32:31.821926 [debug] [MainThread]: Command `dbt init` succeeded at 13:32:31.821715 after 8.73 seconds
[0m13:32:31.822452 [debug] [MainThread]: Sending event: {'category': 'dbt', 'action': 'invocation', 'label': 'end', 'context': [<snowplow_tracker.self_describing_json.SelfDescribingJson object at 0x7ff307953e80>, <snowplow_tracker.self_describing_json.SelfDescribingJson object at 0x7ff3066eb400>, <snowplow_tracker.self_describing_json.SelfDescribingJson object at 0x7ff306566a40>]}
[0m13:32:31.822967 [debug] [MainThread]: Flushing usage events
[0m13:32:32.249981 [debug] [MainThread]: An error was encountered while trying to flush usage events
